----------------------------------------------------------
Jacobi Stencil
----------------------------------------------------------
[[-98.  49.   0.   0.   0.]
 [ 49. -98.  49.   0.   0.]
 [  0.  49. -98.  49.   0.]
 [  0.   0.  49. -98.  49.]
 [  0.   0.   0.  49. -98.]]
------------------------------------------------------
Non-sparse training with mse post every training batch
------------------------------------------------------
0.00010122586920878036
------------------------------------------------------
Sparse training with mse post every training batch
------------------------------------------------------
0.00010118377252028892
------------------------------------------------------
----------------------------------------------------------
Jacobi Stencil
----------------------------------------------------------
[[-98.  49.   0.   0.   0.]
 [ 49. -98.  49.   0.   0.]
 [  0.  49. -98.  49.   0.]
 [  0.   0.  49. -98.  49.]
 [  0.   0.   0.  49. -98.]]
('mse error for test data using non-sparse trained weights is:', 0.0006218490848830372)
------------------------------------------------------
----------------------------------------------------------
Jacobi Stencil
----------------------------------------------------------
[[-98.  49.   0.   0.   0.]
 [ 49. -98.  49.   0.   0.]
 [  0.  49. -98.  49.   0.]
 [  0.   0.  49. -98.  49.]
 [  0.   0.   0.  49. -98.]]
('mse error for test data using sparse trained weights is:', 0.0005494419554597162)
------------------------------------------------------
Trained Weights for non-sparse trainer
------------------------------------------------------
[[  0.601   0.     -0.     -0.     -0.     -0.     -0.   ]
 [  0.122  -0.024   0.481  -0.     -0.     -0.     -0.   ]
 [  0.      0.479  -0.016   0.481  -0.     -0.     -0.   ]
 [  0.     -0.      0.475  -0.026   0.472  -0.     -0.   ]
 [  0.     -0.     -0.      0.469  -0.033   0.468  -0.   ]
 [  0.     -0.     -0.     -0.      0.5    -0.      1.293]
 [  0.      0.      0.      0.      0.      0.    133.196]]
------------------------------------------------------
Trained Weights for sparse trainer
------------------------------------------------------
[[  0.291   0.      0.      0.      0.      0.      0.   ]
 [  0.621  -0.023   0.481   0.      0.      0.      0.   ]
 [  0.      0.479  -0.016   0.481   0.      0.      0.   ]
 [  0.      0.      0.475  -0.026   0.472   0.      0.   ]
 [  0.      0.      0.      0.469  -0.033   0.468   0.   ]
 [  0.      0.      0.      0.      0.5    -0.      1.293]
 [  0.      0.      0.      0.      0.      0.    133.196]]
------------------------------------------------------
